#
# A fatal error has been detected by the Java Runtime Environment:
#
#  EXCEPTION_ACCESS_VIOLATION (0xc0000005) at pc=0x0000000066b156d0, pid=24068, tid=2196
#
# JRE version: Java(TM) SE Runtime Environment (16.0.2+7) (build 16.0.2+7-67)
# Java VM: Java HotSpot(TM) 64-Bit Server VM (16.0.2+7-67, mixed mode, sharing, tiered, compressed oops, compressed class ptrs, g1 gc, windows-amd64)
# Problematic frame:
# C  [gdx-box2d64.dll+0x156d0]
#
# No core dump will be written. Minidumps are not enabled by default on client versions of Windows
#
# If you would like to submit a bug report, please visit:
#   https://bugreport.java.com/bugreport/crash.jsp
# The crash happened outside the Java Virtual Machine in native code.
# See problematic frame for where to report the bug.
#

---------------  S U M M A R Y ------------

Command Line: -Dfile.encoding=windows-1250 -Duser.country=HU -Duser.language=hu -Duser.variant com.mygdx.mabg.DesktopLauncher

Host: Intel(R) Core(TM) i7-8750H CPU @ 2.20GHz, 12 cores, 15G,  Windows 10 , 64 bit Build 19041 (10.0.19041.1706)
Time: Wed May 18 12:48:31 2022 Közép-európai nyári iduild 19041 (10.0.19041.1706) elapsed time: 3.168371 seconds (0d 0h 0m 3s)

---------------  T H R E A D  ---------------

Current thread (0x0000018a28e9e950):  JavaThread "main" [_thread_in_native, id=2196, stack(0x0000001c37200000,0x0000001c37300000)]

Stack: [0x0000001c37200000,0x0000001c37300000],  sp=0x0000001c372ff348,  free space=1020k
Native frames: (J=compiled Java code, j=interpreted, Vv=VM code, C=native code)
C  [gdx-box2d64.dll+0x156d0]

Java frames: (J=compiled Java code, j=interpreted, Vv=VM code)
j  com.badlogic.gdx.physics.box2d.joints.MouseJoint.jniSetTarget(JFF)V+0
j  com.badlogic.gdx.physics.box2d.joints.MouseJoint.setTarget(Lcom/badlogic/gdx/math/Vector2;)V+13
j  com.mygdx.mabg.controller.Test2.touchDragged(III)Z+54
j  com.badlogic.gdx.InputEventQueue.drain(Lcom/badlogic/gdx/InputProcessor;)V+301
j  com.badlogic.gdx.backends.lwjgl3.DefaultLwjgl3Input.update()V+8
j  com.badlogic.gdx.backends.lwjgl3.Lwjgl3Window.update()Z+126
j  com.badlogic.gdx.backends.lwjgl3.Lwjgl3Application.loop()V+111
j  com.badlogic.gdx.backends.lwjgl3.Lwjgl3Application.<init>(Lcom/badlogic/gdx/ApplicationListener;Lcom/badlogic/gdx/backends/lwjgl3/Lwjgl3ApplicationConfiguration;)V+243
j  com.mygdx.mabg.DesktopLauncher.main([Ljava/lang/String;)V+36
v  ~StubRoutines::call_stub

siginfo: EXCEPTION_ACCESS_VIOLATION (0xc0000005), reading address 0x0000000000000069


Register to memory mapping:

RIP=0x0000000066b156d0 gdx-box2d64.dll
RAX=0x0000000066b27b60 gdx-box2d64.dll
RBX={method} {0x0000018a56024a50} 'jniSetTarget' '(JFF)V' in 'com/badlogic/gdx/physics/box2d/joints/MouseJoint'
RCX=0x0000000000000001 is an unknown value
RDX=0x0000001c372ff370 is pointing into the stack for thread: 0x0000018a28e9e950
RSP=0x0000001c372ff348 is pointing into the stack for thread: 0x0000018a28e9e950
RBP=0x0000001c372ff420 is pointing into the stack for thread: 0x0000018a28e9e950
RSI=0x0000000000000006 is an unknown value
RDI=0x0 is NULL
R8 =0x0000000000000001 is an unknown value
R9 =0x0000000000000002 is an unknown value
R10=0x0000018a3061dcf3 is at code_begin+979 in an Interpreter codelet
method entry point (kind = native)  [0x0000018a3061d920, 0x0000018a3061e300]  2528 bytes
R11=0x0000000000000102 is an unknown value
R12=0x0 is NULL
R13={method} {0x0000018a56024a50} 'jniSetTarget' '(JFF)V' in 'com/badlogic/gdx/physics/box2d/joints/MouseJoint'
R14=0x0000001c372ff460 is pointing into the stack for thread: 0x0000018a28e9e950
R15=0x0000018a28e9e950 is a thread


Registers:
RAX=0x0000000066b27b60, RBX=0x0000018a56024a48, RCX=0x0000000000000001, RDX=0x0000001c372ff370
RSP=0x0000001c372ff348, RBP=0x0000001c372ff420, RSI=0x0000000000000006, RDI=0x0000000000000000
R8 =0x0000000000000001, R9 =0x0000000000000002, R10=0x0000018a3061dcf3, R11=0x0000000000000102
R12=0x0000000000000000, R13=0x0000018a56024a48, R14=0x0000001c372ff460, R15=0x0000018a28e9e950
RIP=0x0000000066b156d0, EFLAGS=0x0000000000010206

Top of Stack: (sp=0x0000001c372ff348)
0x0000001c372ff348:   0000000066b27b83 0000000000000000
0x0000001c372ff358:   0000018a3061db79 0000001c372ff400
0x0000001c372ff368:   0000018a56024a48 424dfffe419c0004
0x0000001c372ff378:   00007ffeca675e59 0000018a28e9e950
0x0000001c372ff388:   0000018a3061dd22 0000018a56024a48
0x0000001c372ff398:   0000001c372ff3c0 0000000000000000
0x0000001c372ff3a8:   0000018a3061da32 0000018a424dfffe
0x0000001c372ff3b8:   0000000000000006 3ff0000000000000
0x0000001c372ff3c8:   0000018a28e9e950 0000018a3061d9d6
0x0000001c372ff3d8:   0000001c372ff3d8 0000018a56024a48
0x0000001c372ff3e8:   0000001c372ff460 0000018a560fbcb0
0x0000001c372ff3f8:   0000000000000000 0000000710b7d860
0x0000001c372ff408:   0000018a56024a48 0000000000000000
0x0000001c372ff418:   0000001c372ff440 0000001c372ff4b0
0x0000001c372ff428:   0000018a30619512 0000000000000000
0x0000001c372ff438:   0000018a3061b2d8 00000007424dfffe 

Instructions: (pc=0x0000000066b156d0)
0x0000000066b155d0:   f1 f3 0f 59 cd 0f 28 e2 f3 0f 59 f0 f3 0f 59 c2
0x0000000066b155e0:   f3 0f 59 e5 f3 0f 5c c1 f3 0f 58 e6 0f 28 74 24
0x0000000066b155f0:   20 f3 0f 11 83 84 00 00 00 f3 0f 10 46 2c c7 83
0x0000000066b15600:   9c 00 00 00 00 00 00 00 f3 0f 11 83 a4 00 00 00
0x0000000066b15610:   c7 83 a0 00 00 00 00 00 00 00 f3 0f 10 46 30 c7
0x0000000066b15620:   83 98 00 00 00 00 00 00 00 f3 0f 11 a3 80 00 00
0x0000000066b15630:   00 c7 83 a8 00 00 00 00 00 00 00 f3 0f 11 83 90
0x0000000066b15640:   00 00 00 f3 0f 11 9b 94 00 00 00 48 83 c4 38 5b
0x0000000066b15650:   5e c3 48 8d 15 4f d9 02 00 48 8d 0d 8a da 02 00
0x0000000066b15660:   41 b8 22 00 00 00 e8 65 0f 02 00 e9 b6 fe ff ff
0x0000000066b15670:   48 8d 15 31 d9 02 00 48 8d 0d 32 da 02 00 41 b8
0x0000000066b15680:   25 00 00 00 e8 47 0f 02 00 f3 0f 10 5e 34 e9 05
0x0000000066b15690:   ff ff ff 48 8d 15 0e d9 02 00 48 8d 0d d7 d9 02
0x0000000066b156a0:   00 41 b8 24 00 00 00 e8 24 0f 02 00 e9 c1 fe ff
0x0000000066b156b0:   ff 48 8d 15 f0 d8 02 00 48 8d 0d 81 d9 02 00 41
0x0000000066b156c0:   b8 23 00 00 00 e8 06 0f 02 00 e9 7d fe ff ff 90
0x0000000066b156d0:   4c 8b 41 68 41 0f b7 40 04 a8 02 75 13 83 c8 02
0x0000000066b156e0:   41 c7 80 ac 00 00 00 00 00 00 00 66 41 89 40 04
0x0000000066b156f0:   48 8b 02 48 89 81 88 00 00 00 c3 90 0f 1f 40 00
0x0000000066b15700:   48 8d 81 88 00 00 00 c3 0f 1f 84 00 00 00 00 00
0x0000000066b15710:   f3 0f 11 89 a4 00 00 00 c3 90 66 0f 1f 44 00 00
0x0000000066b15720:   f3 0f 10 81 a4 00 00 00 c3 90 66 0f 1f 44 00 00
0x0000000066b15730:   f3 0f 11 89 90 00 00 00 c3 90 66 0f 1f 44 00 00
0x0000000066b15740:   f3 0f 10 81 90 00 00 00 c3 90 66 0f 1f 44 00 00
0x0000000066b15750:   f3 0f 11 89 94 00 00 00 c3 90 66 0f 1f 44 00 00
0x0000000066b15760:   f3 0f 10 81 94 00 00 00 c3 90 90 90 90 90 90 90
0x0000000066b15770:   48 8b 41 60 f3 0f 10 81 80 00 00 00 0f 28 e8 f3
0x0000000066b15780:   0f 10 91 84 00 00 00 f3 0f 10 60 18 0f 28 cc f3
0x0000000066b15790:   0f 10 58 14 f3 0f 59 eb f3 0f 59 ca f3 0f 59 c4
0x0000000066b157a0:   f3 0f 59 d3 f3 0f 58 cd f3 0f 5c c2 f3 0f 58 48
0x0000000066b157b0:   10 f3 0f 58 40 0c 66 0f 7e c8 66 0f 7e c2 48 c1
0x0000000066b157c0:   e0 20 48 09 d0 c3 66 2e 0f 1f 84 00 00 00 00 00 


Stack slot to memory mapping:
stack at sp + 0 slots: 0x0000000066b27b83 gdx-box2d64.dll
stack at sp + 1 slots: 0x0 is NULL
stack at sp + 2 slots: 0x0000018a3061db79 is at code_begin+601 in an Interpreter codelet
method entry point (kind = native)  [0x0000018a3061d920, 0x0000018a3061e300]  2528 bytes
stack at sp + 3 slots: 0x0000001c372ff400 is pointing into the stack for thread: 0x0000018a28e9e950
stack at sp + 4 slots: {method} {0x0000018a56024a50} 'jniSetTarget' '(JFF)V' in 'com/badlogic/gdx/physics/box2d/joints/MouseJoint'
stack at sp + 5 slots: 0x424dfffe419c0004 is an unknown value
stack at sp + 6 slots: 0x00007ffeca675e59 jvm.dll
stack at sp + 7 slots: 0x0000018a28e9e950 is a thread


---------------  P R O C E S S  ---------------

Threads class SMR info:
_java_thread_list=0x0000018a546026c0, length=13, elements={
0x0000018a28e9e950, 0x0000018a4be89d10, 0x0000018a4be8aae0, 0x0000018a4be9fb90,
0x0000018a4bea25b0, 0x0000018a4bea52d0, 0x0000018a4beadbf0, 0x0000018a4beb1de0,
0x0000018a4beb47f0, 0x0000018a4c808070, 0x0000018a4c943570, 0x0000018a4c94a5b0,
0x0000018a4cbfd840
}

Java Threads: ( => current thread )
=>0x0000018a28e9e950 JavaThread "main" [_thread_in_native, id=2196, stack(0x0000001c37200000,0x0000001c37300000)]
  0x0000018a4be89d10 JavaThread "Reference Handler" daemon [_thread_blocked, id=25044, stack(0x0000001c37900000,0x0000001c37a00000)]
  0x0000018a4be8aae0 JavaThread "Finalizer" daemon [_thread_blocked, id=1756, stack(0x0000001c37a00000,0x0000001c37b00000)]
  0x0000018a4be9fb90 JavaThread "Signal Dispatcher" daemon [_thread_blocked, id=13596, stack(0x0000001c37b00000,0x0000001c37c00000)]
  0x0000018a4bea25b0 JavaThread "Attach Listener" daemon [_thread_blocked, id=16052, stack(0x0000001c37c00000,0x0000001c37d00000)]
  0x0000018a4bea52d0 JavaThread "Service Thread" daemon [_thread_blocked, id=10528, stack(0x0000001c37d00000,0x0000001c37e00000)]
  0x0000018a4beadbf0 JavaThread "Monitor Deflation Thread" daemon [_thread_blocked, id=29564, stack(0x0000001c37e00000,0x0000001c37f00000)]
  0x0000018a4beb1de0 JavaThread "C2 CompilerThread0" daemon [_thread_blocked, id=3800, stack(0x0000001c37f00000,0x0000001c38000000)]
  0x0000018a4beb47f0 JavaThread "C1 CompilerThread0" daemon [_thread_blocked, id=19812, stack(0x0000001c38000000,0x0000001c38100000)]
  0x0000018a4c808070 JavaThread "Sweeper thread" daemon [_thread_blocked, id=10800, stack(0x0000001c38100000,0x0000001c38200000)]
  0x0000018a4c943570 JavaThread "Notification Thread" daemon [_thread_blocked, id=26720, stack(0x0000001c38200000,0x0000001c38300000)]
  0x0000018a4c94a5b0 JavaThread "Common-Cleaner" daemon [_thread_blocked, id=2600, stack(0x0000001c38400000,0x0000001c38500000)]
  0x0000018a4cbfd840 JavaThread "LWJGL3 Timer" daemon [_thread_blocked, id=10488, stack(0x0000001c38f00000,0x0000001c39000000)]

Other Threads:
  0x0000018a4be871c0 VMThread "VM Thread" [stack: 0x0000001c37800000,0x0000001c37900000] [id=14568]
  0x0000018a4c94a2c0 WatcherThread [stack: 0x0000001c38300000,0x0000001c38400000] [id=13220]
  0x0000018a28ef1050 GCTaskThread "GC Thread#0" [stack: 0x0000001c37300000,0x0000001c37400000] [id=22796]
  0x0000018a53d83f30 GCTaskThread "GC Thread#1" [stack: 0x0000001c39000000,0x0000001c39100000] [id=29432]
  0x0000018a53b69760 GCTaskThread "GC Thread#2" [stack: 0x0000001c39100000,0x0000001c39200000] [id=16544]
  0x0000018a544b3d40 GCTaskThread "GC Thread#3" [stack: 0x0000001c39200000,0x0000001c39300000] [id=14236]
  0x0000018a53ad7f50 GCTaskThread "GC Thread#4" [stack: 0x0000001c39300000,0x0000001c39400000] [id=27484]
  0x0000018a53ad8260 GCTaskThread "GC Thread#5" [stack: 0x0000001c39400000,0x0000001c39500000] [id=11628]
  0x0000018a53e889b0 GCTaskThread "GC Thread#6" [stack: 0x0000001c39500000,0x0000001c39600000] [id=23072]
  0x0000018a540c62f0 GCTaskThread "GC Thread#7" [stack: 0x0000001c39600000,0x0000001c39700000] [id=23656]
  0x0000018a540c6600 GCTaskThread "GC Thread#8" [stack: 0x0000001c39700000,0x0000001c39800000] [id=24948]
  0x0000018a28f02740 ConcurrentGCThread "G1 Main Marker" [stack: 0x0000001c37400000,0x0000001c37500000] [id=21072]
  0x0000018a28f03230 ConcurrentGCThread "G1 Conc#0" [stack: 0x0000001c37500000,0x0000001c37600000] [id=19480]
  0x0000018a28f636f0 ConcurrentGCThread "G1 Refine#0" [stack: 0x0000001c37600000,0x0000001c37700000] [id=25796]
  0x0000018a28f65110 ConcurrentGCThread "G1 Service" [stack: 0x0000001c37700000,0x0000001c37800000] [id=26096]

Threads with active compile tasks:

VM state: not at safepoint (normal execution)

VM Mutex/Monitor currently owned by a thread: None

Heap address: 0x0000000702400000, size: 4060 MB, Compressed Oops mode: Zero based, Oop shift amount: 3

CDS archive(s) mapped at: [0x0000000800000000-0x0000000800bb0000-0x0000000800bb0000), size 12255232, SharedBaseAddress: 0x0000000800000000, ArchiveRelocationMode: 0.
Compressed class space mapped at: 0x0000000800c00000-0x0000000840c00000, reserved size: 1073741824
Narrow klass base: 0x0000000800000000, Narrow klass shift: 3, Narrow klass range: 0x100000000

GC Precious Log:
 CPUs: 12 total, 12 available
 Memory: 16235M
 Large Page Support: Disabled
 NUMA Support: Disabled
 Compressed Oops: Enabled (Zero based)
 Heap Region Size: 2M
 Heap Min Capacity: 8M
 Heap Initial Capacity: 254M
 Heap Max Capacity: 4060M
 Pre-touch: Disabled
 Parallel Workers: 10
 Concurrent Workers: 3
 Concurrent Refinement Workers: 10
 Periodic GC: Disabled

Heap:
 garbage-first heap   total 260096K, used 2890K [0x0000000702400000, 0x0000000800000000)
  region size 2048K, 3 young (6144K), 2 survivors (4096K)
 Metaspace       used 7296K, committed 7488K, reserved 1064960K
  class space    used 427K, committed 512K, reserved 1048576K

Heap Regions: E=young(eden), S=young(survivor), O=old, HS=humongous(starts), HC=humongous(continues), CS=collection set, F=free, OA=open archive, CA=closed archive, TAMS=top-at-mark-start (previous, next)
|   0|0x0000000702400000, 0x0000000702400000, 0x0000000702600000|  0%| F|  |TAMS 0x0000000702400000, 0x0000000702400000| Untracked 
|   1|0x0000000702600000, 0x0000000702600000, 0x0000000702800000|  0%| F|  |TAMS 0x0000000702600000, 0x0000000702600000| Untracked 
|   2|0x0000000702800000, 0x0000000702800000, 0x0000000702a00000|  0%| F|  |TAMS 0x0000000702800000, 0x0000000702800000| Untracked 
|   3|0x0000000702a00000, 0x0000000702a00000, 0x0000000702c00000|  0%| F|  |TAMS 0x0000000702a00000, 0x0000000702a00000| Untracked 
|   4|0x0000000702c00000, 0x0000000702c00000, 0x0000000702e00000|  0%| F|  |TAMS 0x0000000702c00000, 0x0000000702c00000| Untracked 
|   5|0x0000000702e00000, 0x0000000702e00000, 0x0000000703000000|  0%| F|  |TAMS 0x0000000702e00000, 0x0000000702e00000| Untracked 
|   6|0x0000000703000000, 0x0000000703000000, 0x0000000703200000|  0%| F|  |TAMS 0x0000000703000000, 0x0000000703000000| Untracked 
|   7|0x0000000703200000, 0x0000000703200000, 0x0000000703400000|  0%| F|  |TAMS 0x0000000703200000, 0x0000000703200000| Untracked 
|   8|0x0000000703400000, 0x0000000703400000, 0x0000000703600000|  0%| F|  |TAMS 0x0000000703400000, 0x0000000703400000| Untracked 
|   9|0x0000000703600000, 0x0000000703600000, 0x0000000703800000|  0%| F|  |TAMS 0x0000000703600000, 0x0000000703600000| Untracked 
|  10|0x0000000703800000, 0x0000000703800000, 0x0000000703a00000|  0%| F|  |TAMS 0x0000000703800000, 0x0000000703800000| Untracked 
|  11|0x0000000703a00000, 0x0000000703a00000, 0x0000000703c00000|  0%| F|  |TAMS 0x0000000703a00000, 0x0000000703a00000| Untracked 
|  12|0x0000000703c00000, 0x0000000703c00000, 0x0000000703e00000|  0%| F|  |TAMS 0x0000000703c00000, 0x0000000703c00000| Untracked 
|  13|0x0000000703e00000, 0x0000000703e00000, 0x0000000704000000|  0%| F|  |TAMS 0x0000000703e00000, 0x0000000703e00000| Untracked 
|  14|0x0000000704000000, 0x0000000704000000, 0x0000000704200000|  0%| F|  |TAMS 0x0000000704000000, 0x0000000704000000| Untracked 
|  15|0x0000000704200000, 0x0000000704200000, 0x0000000704400000|  0%| F|  |TAMS 0x0000000704200000, 0x0000000704200000| Untracked 
|  16|0x0000000704400000, 0x0000000704400000, 0x0000000704600000|  0%| F|  |TAMS 0x0000000704400000, 0x0000000704400000| Untracked 
|  17|0x0000000704600000, 0x0000000704600000, 0x0000000704800000|  0%| F|  |TAMS 0x0000000704600000, 0x0000000704600000| Untracked 
|  18|0x0000000704800000, 0x0000000704800000, 0x0000000704a00000|  0%| F|  |TAMS 0x0000000704800000, 0x0000000704800000| Untracked 
|  19|0x0000000704a00000, 0x0000000704a00000, 0x0000000704c00000|  0%| F|  |TAMS 0x0000000704a00000, 0x0000000704a00000| Untracked 
|  20|0x0000000704c00000, 0x0000000704c00000, 0x0000000704e00000|  0%| F|  |TAMS 0x0000000704c00000, 0x0000000704c00000| Untracked 
|  21|0x0000000704e00000, 0x0000000704e00000, 0x0000000705000000|  0%| F|  |TAMS 0x0000000704e00000, 0x0000000704e00000| Untracked 
|  22|0x0000000705000000, 0x0000000705000000, 0x0000000705200000|  0%| F|  |TAMS 0x0000000705000000, 0x0000000705000000| Untracked 
|  23|0x0000000705200000, 0x0000000705200000, 0x0000000705400000|  0%| F|  |TAMS 0x0000000705200000, 0x0000000705200000| Untracked 
|  24|0x0000000705400000, 0x0000000705400000, 0x0000000705600000|  0%| F|  |TAMS 0x0000000705400000, 0x0000000705400000| Untracked 
|  25|0x0000000705600000, 0x0000000705600000, 0x0000000705800000|  0%| F|  |TAMS 0x0000000705600000, 0x0000000705600000| Untracked 
|  26|0x0000000705800000, 0x0000000705800000, 0x0000000705a00000|  0%| F|  |TAMS 0x0000000705800000, 0x0000000705800000| Untracked 
|  27|0x0000000705a00000, 0x0000000705a00000, 0x0000000705c00000|  0%| F|  |TAMS 0x0000000705a00000, 0x0000000705a00000| Untracked 
|  28|0x0000000705c00000, 0x0000000705c00000, 0x0000000705e00000|  0%| F|  |TAMS 0x0000000705c00000, 0x0000000705c00000| Untracked 
|  29|0x0000000705e00000, 0x0000000705e00000, 0x0000000706000000|  0%| F|  |TAMS 0x0000000705e00000, 0x0000000705e00000| Untracked 
|  30|0x0000000706000000, 0x0000000706000000, 0x0000000706200000|  0%| F|  |TAMS 0x0000000706000000, 0x0000000706000000| Untracked 
|  31|0x0000000706200000, 0x0000000706200000, 0x0000000706400000|  0%| F|  |TAMS 0x0000000706200000, 0x0000000706200000| Untracked 
|  32|0x0000000706400000, 0x0000000706400000, 0x0000000706600000|  0%| F|  |TAMS 0x0000000706400000, 0x0000000706400000| Untracked 
|  33|0x0000000706600000, 0x0000000706600000, 0x0000000706800000|  0%| F|  |TAMS 0x0000000706600000, 0x0000000706600000| Untracked 
|  34|0x0000000706800000, 0x0000000706800000, 0x0000000706a00000|  0%| F|  |TAMS 0x0000000706800000, 0x0000000706800000| Untracked 
|  35|0x0000000706a00000, 0x0000000706a00000, 0x0000000706c00000|  0%| F|  |TAMS 0x0000000706a00000, 0x0000000706a00000| Untracked 
|  36|0x0000000706c00000, 0x0000000706c00000, 0x0000000706e00000|  0%| F|  |TAMS 0x0000000706c00000, 0x0000000706c00000| Untracked 
|  37|0x0000000706e00000, 0x0000000706e00000, 0x0000000707000000|  0%| F|  |TAMS 0x0000000706e00000, 0x0000000706e00000| Untracked 
|  38|0x0000000707000000, 0x0000000707000000, 0x0000000707200000|  0%| F|  |TAMS 0x0000000707000000, 0x0000000707000000| Untracked 
|  39|0x0000000707200000, 0x0000000707200000, 0x0000000707400000|  0%| F|  |TAMS 0x0000000707200000, 0x0000000707200000| Untracked 
|  40|0x0000000707400000, 0x0000000707400000, 0x0000000707600000|  0%| F|  |TAMS 0x0000000707400000, 0x0000000707400000| Untracked 
|  41|0x0000000707600000, 0x0000000707600000, 0x0000000707800000|  0%| F|  |TAMS 0x0000000707600000, 0x0000000707600000| Untracked 
|  42|0x0000000707800000, 0x0000000707800000, 0x0000000707a00000|  0%| F|  |TAMS 0x0000000707800000, 0x0000000707800000| Untracked 
|  43|0x0000000707a00000, 0x0000000707a00000, 0x0000000707c00000|  0%| F|  |TAMS 0x0000000707a00000, 0x0000000707a00000| Untracked 
|  44|0x0000000707c00000, 0x0000000707c00000, 0x0000000707e00000|  0%| F|  |TAMS 0x0000000707c00000, 0x0000000707c00000| Untracked 
|  45|0x0000000707e00000, 0x0000000707e00000, 0x0000000708000000|  0%| F|  |TAMS 0x0000000707e00000, 0x0000000707e00000| Untracked 
|  46|0x0000000708000000, 0x0000000708000000, 0x0000000708200000|  0%| F|  |TAMS 0x0000000708000000, 0x0000000708000000| Untracked 
|  47|0x0000000708200000, 0x0000000708200000, 0x0000000708400000|  0%| F|  |TAMS 0x0000000708200000, 0x0000000708200000| Untracked 
|  48|0x0000000708400000, 0x0000000708400000, 0x0000000708600000|  0%| F|  |TAMS 0x0000000708400000, 0x0000000708400000| Untracked 
|  49|0x0000000708600000, 0x0000000708600000, 0x0000000708800000|  0%| F|  |TAMS 0x0000000708600000, 0x0000000708600000| Untracked 
|  50|0x0000000708800000, 0x0000000708800000, 0x0000000708a00000|  0%| F|  |TAMS 0x0000000708800000, 0x0000000708800000| Untracked 
|  51|0x0000000708a00000, 0x0000000708a00000, 0x0000000708c00000|  0%| F|  |TAMS 0x0000000708a00000, 0x0000000708a00000| Untracked 
|  52|0x0000000708c00000, 0x0000000708c00000, 0x0000000708e00000|  0%| F|  |TAMS 0x0000000708c00000, 0x0000000708c00000| Untracked 
|  53|0x0000000708e00000, 0x0000000708e00000, 0x0000000709000000|  0%| F|  |TAMS 0x0000000708e00000, 0x0000000708e00000| Untracked 
|  54|0x0000000709000000, 0x0000000709000000, 0x0000000709200000|  0%| F|  |TAMS 0x0000000709000000, 0x0000000709000000| Untracked 
|  55|0x0000000709200000, 0x0000000709200000, 0x0000000709400000|  0%| F|  |TAMS 0x0000000709200000, 0x0000000709200000| Untracked 
|  56|0x0000000709400000, 0x0000000709400000, 0x0000000709600000|  0%| F|  |TAMS 0x0000000709400000, 0x0000000709400000| Untracked 
|  57|0x0000000709600000, 0x0000000709600000, 0x0000000709800000|  0%| F|  |TAMS 0x0000000709600000, 0x0000000709600000| Untracked 
|  58|0x0000000709800000, 0x0000000709800000, 0x0000000709a00000|  0%| F|  |TAMS 0x0000000709800000, 0x0000000709800000| Untracked 
|  59|0x0000000709a00000, 0x0000000709a00000, 0x0000000709c00000|  0%| F|  |TAMS 0x0000000709a00000, 0x0000000709a00000| Untracked 
|  60|0x0000000709c00000, 0x0000000709c00000, 0x0000000709e00000|  0%| F|  |TAMS 0x0000000709c00000, 0x0000000709c00000| Untracked 
|  61|0x0000000709e00000, 0x0000000709e00000, 0x000000070a000000|  0%| F|  |TAMS 0x0000000709e00000, 0x0000000709e00000| Untracked 
|  62|0x000000070a000000, 0x000000070a000000, 0x000000070a200000|  0%| F|  |TAMS 0x000000070a000000, 0x000000070a000000| Untracked 
|  63|0x000000070a200000, 0x000000070a200000, 0x000000070a400000|  0%| F|  |TAMS 0x000000070a200000, 0x000000070a200000| Untracked 
|  64|0x000000070a400000, 0x000000070a400000, 0x000000070a600000|  0%| F|  |TAMS 0x000000070a400000, 0x000000070a400000| Untracked 
|  65|0x000000070a600000, 0x000000070a600000, 0x000000070a800000|  0%| F|  |TAMS 0x000000070a600000, 0x000000070a600000| Untracked 
|  66|0x000000070a800000, 0x000000070a800000, 0x000000070aa00000|  0%| F|  |TAMS 0x000000070a800000, 0x000000070a800000| Untracked 
|  67|0x000000070aa00000, 0x000000070aa00000, 0x000000070ac00000|  0%| F|  |TAMS 0x000000070aa00000, 0x000000070aa00000| Untracked 
|  68|0x000000070ac00000, 0x000000070ac00000, 0x000000070ae00000|  0%| F|  |TAMS 0x000000070ac00000, 0x000000070ac00000| Untracked 
|  69|0x000000070ae00000, 0x000000070ae00000, 0x000000070b000000|  0%| F|  |TAMS 0x000000070ae00000, 0x000000070ae00000| Untracked 
|  70|0x000000070b000000, 0x000000070b000000, 0x000000070b200000|  0%| F|  |TAMS 0x000000070b000000, 0x000000070b000000| Untracked 
|  71|0x000000070b200000, 0x000000070b200000, 0x000000070b400000|  0%| F|  |TAMS 0x000000070b200000, 0x000000070b200000| Untracked 
|  72|0x000000070b400000, 0x000000070b400000, 0x000000070b600000|  0%| F|  |TAMS 0x000000070b400000, 0x000000070b400000| Untracked 
|  73|0x000000070b600000, 0x000000070b600000, 0x000000070b800000|  0%| F|  |TAMS 0x000000070b600000, 0x000000070b600000| Untracked 
|  74|0x000000070b800000, 0x000000070b800000, 0x000000070ba00000|  0%| F|  |TAMS 0x000000070b800000, 0x000000070b800000| Untracked 
|  75|0x000000070ba00000, 0x000000070ba00000, 0x000000070bc00000|  0%| F|  |TAMS 0x000000070ba00000, 0x000000070ba00000| Untracked 
|  76|0x000000070bc00000, 0x000000070bc00000, 0x000000070be00000|  0%| F|  |TAMS 0x000000070bc00000, 0x000000070bc00000| Untracked 
|  77|0x000000070be00000, 0x000000070be00000, 0x000000070c000000|  0%| F|  |TAMS 0x000000070be00000, 0x000000070be00000| Untracked 
|  78|0x000000070c000000, 0x000000070c000000, 0x000000070c200000|  0%| F|  |TAMS 0x000000070c000000, 0x000000070c000000| Untracked 
|  79|0x000000070c200000, 0x000000070c200000, 0x000000070c400000|  0%| F|  |TAMS 0x000000070c200000, 0x000000070c200000| Untracked 
|  80|0x000000070c400000, 0x000000070c400000, 0x000000070c600000|  0%| F|  |TAMS 0x000000070c400000, 0x000000070c400000| Untracked 
|  81|0x000000070c600000, 0x000000070c600000, 0x000000070c800000|  0%| F|  |TAMS 0x000000070c600000, 0x000000070c600000| Untracked 
|  82|0x000000070c800000, 0x000000070c800000, 0x000000070ca00000|  0%| F|  |TAMS 0x000000070c800000, 0x000000070c800000| Untracked 
|  83|0x000000070ca00000, 0x000000070ca00000, 0x000000070cc00000|  0%| F|  |TAMS 0x000000070ca00000, 0x000000070ca00000| Untracked 
|  84|0x000000070cc00000, 0x000000070cc00000, 0x000000070ce00000|  0%| F|  |TAMS 0x000000070cc00000, 0x000000070cc00000| Untracked 
|  85|0x000000070ce00000, 0x000000070ce00000, 0x000000070d000000|  0%| F|  |TAMS 0x000000070ce00000, 0x000000070ce00000| Untracked 
|  86|0x000000070d000000, 0x000000070d000000, 0x000000070d200000|  0%| F|  |TAMS 0x000000070d000000, 0x000000070d000000| Untracked 
|  87|0x000000070d200000, 0x000000070d200000, 0x000000070d400000|  0%| F|  |TAMS 0x000000070d200000, 0x000000070d200000| Untracked 
|  88|0x000000070d400000, 0x000000070d400000, 0x000000070d600000|  0%| F|  |TAMS 0x000000070d400000, 0x000000070d400000| Untracked 
|  89|0x000000070d600000, 0x000000070d600000, 0x000000070d800000|  0%| F|  |TAMS 0x000000070d600000, 0x000000070d600000| Untracked 
|  90|0x000000070d800000, 0x000000070d800000, 0x000000070da00000|  0%| F|  |TAMS 0x000000070d800000, 0x000000070d800000| Untracked 
|  91|0x000000070da00000, 0x000000070da00000, 0x000000070dc00000|  0%| F|  |TAMS 0x000000070da00000, 0x000000070da00000| Untracked 
|  92|0x000000070dc00000, 0x000000070dc00000, 0x000000070de00000|  0%| F|  |TAMS 0x000000070dc00000, 0x000000070dc00000| Untracked 
|  93|0x000000070de00000, 0x000000070de00000, 0x000000070e000000|  0%| F|  |TAMS 0x000000070de00000, 0x000000070de00000| Untracked 
|  94|0x000000070e000000, 0x000000070e000000, 0x000000070e200000|  0%| F|  |TAMS 0x000000070e000000, 0x000000070e000000| Untracked 
|  95|0x000000070e200000, 0x000000070e200000, 0x000000070e400000|  0%| F|  |TAMS 0x000000070e200000, 0x000000070e200000| Untracked 
|  96|0x000000070e400000, 0x000000070e400000, 0x000000070e600000|  0%| F|  |TAMS 0x000000070e400000, 0x000000070e400000| Untracked 
|  97|0x000000070e600000, 0x000000070e600000, 0x000000070e800000|  0%| F|  |TAMS 0x000000070e600000, 0x000000070e600000| Untracked 
|  98|0x000000070e800000, 0x000000070e800000, 0x000000070ea00000|  0%| F|  |TAMS 0x000000070e800000, 0x000000070e800000| Untracked 
|  99|0x000000070ea00000, 0x000000070ea00000, 0x000000070ec00000|  0%| F|  |TAMS 0x000000070ea00000, 0x000000070ea00000| Untracked 
| 100|0x000000070ec00000, 0x000000070ec00000, 0x000000070ee00000|  0%| F|  |TAMS 0x000000070ec00000, 0x000000070ec00000| Untracked 
| 101|0x000000070ee00000, 0x000000070ee00000, 0x000000070f000000|  0%| F|  |TAMS 0x000000070ee00000, 0x000000070ee00000| Untracked 
| 102|0x000000070f000000, 0x000000070f000000, 0x000000070f200000|  0%| F|  |TAMS 0x000000070f000000, 0x000000070f000000| Untracked 
| 103|0x000000070f200000, 0x000000070f200000, 0x000000070f400000|  0%| F|  |TAMS 0x000000070f200000, 0x000000070f200000| Untracked 
| 104|0x000000070f400000, 0x000000070f400000, 0x000000070f600000|  0%| F|  |TAMS 0x000000070f400000, 0x000000070f400000| Untracked 
| 105|0x000000070f600000, 0x000000070f600000, 0x000000070f800000|  0%| F|  |TAMS 0x000000070f600000, 0x000000070f600000| Untracked 
| 106|0x000000070f800000, 0x000000070f800000, 0x000000070fa00000|  0%| F|  |TAMS 0x000000070f800000, 0x000000070f800000| Untracked 
| 107|0x000000070fa00000, 0x000000070fa00000, 0x000000070fc00000|  0%| F|  |TAMS 0x000000070fa00000, 0x000000070fa00000| Untracked 
| 108|0x000000070fc00000, 0x000000070fc00000, 0x000000070fe00000|  0%| F|  |TAMS 0x000000070fc00000, 0x000000070fc00000| Untracked 
| 109|0x000000070fe00000, 0x000000070fe00000, 0x0000000710000000|  0%| F|  |TAMS 0x000000070fe00000, 0x000000070fe00000| Untracked 
| 110|0x0000000710000000, 0x0000000710000000, 0x0000000710200000|  0%| F|  |TAMS 0x0000000710000000, 0x0000000710000000| Untracked 
| 111|0x0000000710200000, 0x0000000710200000, 0x0000000710400000|  0%| F|  |TAMS 0x0000000710200000, 0x0000000710200000| Untracked 
| 112|0x0000000710400000, 0x0000000710400000, 0x0000000710600000|  0%| F|  |TAMS 0x0000000710400000, 0x0000000710400000| Untracked 
| 113|0x0000000710600000, 0x0000000710600000, 0x0000000710800000|  0%| F|  |TAMS 0x0000000710600000, 0x0000000710600000| Untracked 
| 114|0x0000000710800000, 0x00000007108d2bd0, 0x0000000710a00000| 41%| S|CS|TAMS 0x0000000710800000, 0x0000000710800000| Complete 
| 115|0x0000000710a00000, 0x0000000710c00000, 0x0000000710c00000|100%| S|CS|TAMS 0x0000000710a00000, 0x0000000710a00000| Complete 
| 116|0x0000000710c00000, 0x0000000710c00000, 0x0000000710e00000|  0%| F|  |TAMS 0x0000000710c00000, 0x0000000710c00000| Untracked 
| 117|0x0000000710e00000, 0x0000000710e00000, 0x0000000711000000|  0%| F|  |TAMS 0x0000000710e00000, 0x0000000710e00000| Untracked 
| 118|0x0000000711000000, 0x0000000711000000, 0x0000000711200000|  0%| F|  |TAMS 0x0000000711000000, 0x0000000711000000| Untracked 
| 119|0x0000000711200000, 0x0000000711200000, 0x0000000711400000|  0%| F|  |TAMS 0x0000000711200000, 0x0000000711200000| Untracked 
| 120|0x0000000711400000, 0x0000000711400000, 0x0000000711600000|  0%| F|  |TAMS 0x0000000711400000, 0x0000000711400000| Untracked 
| 121|0x0000000711600000, 0x0000000711600000, 0x0000000711800000|  0%| F|  |TAMS 0x0000000711600000, 0x0000000711600000| Untracked 
| 122|0x0000000711800000, 0x0000000711800000, 0x0000000711a00000|  0%| F|  |TAMS 0x0000000711800000, 0x0000000711800000| Untracked 
| 123|0x0000000711a00000, 0x0000000711a00000, 0x0000000711c00000|  0%| F|  |TAMS 0x0000000711a00000, 0x0000000711a00000| Untracked 
| 124|0x0000000711c00000, 0x0000000711c00000, 0x0000000711e00000|  0%| F|  |TAMS 0x0000000711c00000, 0x0000000711c00000| Untracked 
| 125|0x0000000711e00000, 0x0000000711e00000, 0x0000000712000000|  0%| F|  |TAMS 0x0000000711e00000, 0x0000000711e00000| Untracked 
| 126|0x0000000712000000, 0x00000007120e37e8, 0x0000000712200000| 44%| E|  |TAMS 0x0000000712000000, 0x0000000712000000| Complete 

Card table byte_map: [0x0000018a40350000,0x0000018a40b40000] _byte_map_base: 0x0000018a3cb3e000

Marking Bits (Prev, Next): (CMBitMap*) 0x0000018a28ef16c0, (CMBitMap*) 0x0000018a28ef1700
 Prev Bits: [0x0000018a41330000, 0x0000018a452a0000)
 Next Bits: [0x0000018a452a0000, 0x0000018a49210000)

Polling page: 0x0000018a26de0000

Metaspace:

Usage:
  Non-class:      6.71 MB used.
      Class:    427.72 KB used.
       Both:      7.13 MB used.

Virtual space:
  Non-class space:       16.00 MB reserved,       6.81 MB ( 43%) committed,  2 nodes.
      Class space:        1.00 GB reserved,     512.00 KB ( <1%) committed,  1 nodes.
              Both:        1.02 GB reserved,       7.31 MB ( <1%) committed. 

Chunk freelists:
   Non-Class:  2.84 MB
       Class:  3.42 MB
        Both:  6.27 MB

MaxMetaspaceSize: 17179869184.00 GB
CompressedClassSpaceSize: 1.00 GB
 - commit_granule_bytes: 65536.
 - commit_granule_words: 8192.
 - virtual_space_node_default_size: 1048576.
 - enlarge_chunks_in_place: 1.
 - new_chunks_are_fully_committed: 0.
 - uncommit_free_chunks: 1.
 - use_allocation_guard: 0.
 - handle_deallocations: 1.


Internal statistics:

num_allocs_failed_limit: 0.
num_arena_births: 42.
num_arena_deaths: 0.
num_vsnodes_births: 3.
num_vsnodes_deaths: 0.
num_space_committed: 115.
num_space_uncommitted: 0.
num_chunks_returned_to_freelist: 0.
num_chunks_taken_from_freelist: 241.
num_chunk_merges: 0.
num_chunk_splits: 194.
num_chunks_enlarged: 170.
num_purges: 0.

CodeHeap 'non-profiled nmethods': size=120000Kb used=379Kb max_used=379Kb free=119620Kb
 bounds [0x0000018a380e0000, 0x0000018a38350000, 0x0000018a3f610000]
CodeHeap 'profiled nmethods': size=120000Kb used=1742Kb max_used=1742Kb free=118257Kb
 bounds [0x0000018a30bb0000, 0x0000018a30e20000, 0x0000018a380e0000]
CodeHeap 'non-nmethods': size=5760Kb used=1625Kb max_used=1654Kb free=4134Kb
 bounds [0x0000018a30610000, 0x0000018a30880000, 0x0000018a30bb0000]
 total_blobs=2081 nmethods=1024 adapters=970
 compilation: enabled
              stopped_count=0, restarted_count=0
 full_count=0

Compilation events (20 events):
Event: 2.733 Thread 0x0000018a4beb47f0 1014       3       com.badlogic.gdx.graphics.glutils.ShaderProgram::bind (19 bytes)
Event: 2.733 Thread 0x0000018a4beb47f0 nmethod 1014 0x0000018a30d5fc10 code [0x0000018a30d5fde0, 0x0000018a30d60138]
Event: 2.733 Thread 0x0000018a4beb47f0 1015       3       com.badlogic.gdx.backends.lwjgl3.Lwjgl3GL20::glUseProgram (5 bytes)
Event: 2.734 Thread 0x0000018a4beb47f0 nmethod 1015 0x0000018a30d60310 code [0x0000018a30d604c0, 0x0000018a30d60648]
Event: 2.799 Thread 0x0000018a4beb47f0 1016       3       com.badlogic.gdx.graphics.g2d.Sprite::draw (18 bytes)
Event: 2.800 Thread 0x0000018a4beb47f0 nmethod 1016 0x0000018a30d60710 code [0x0000018a30d608c0, 0x0000018a30d60a98]
Event: 2.900 Thread 0x0000018a4beb47f0 1018       3       com.badlogic.gdx.graphics.glutils.ShaderProgram::fetchUniformLocation (9 bytes)
Event: 2.900 Thread 0x0000018a4beb47f0 nmethod 1018 0x0000018a30d60b90 code [0x0000018a30d60d40, 0x0000018a30d60ea8]
Event: 2.900 Thread 0x0000018a4beb47f0 1019       3       com.badlogic.gdx.graphics.glutils.ShaderProgram::fetchUniformLocation (120 bytes)
Event: 2.901 Thread 0x0000018a4beb47f0 nmethod 1019 0x0000018a30d60f90 code [0x0000018a30d61300, 0x0000018a30d62528]
Event: 2.901 Thread 0x0000018a4beb47f0 1020       3       com.badlogic.gdx.graphics.glutils.ShaderProgram::setVertexAttribute (26 bytes)
Event: 2.902 Thread 0x0000018a4beb47f0 nmethod 1020 0x0000018a30d62c90 code [0x0000018a30d62e60, 0x0000018a30d63158]
Event: 2.902 Thread 0x0000018a4beb47f0 1021       3       com.badlogic.gdx.backends.lwjgl3.Lwjgl3GL20::glVertexAttribPointer (14 bytes)
Event: 2.902 Thread 0x0000018a4beb47f0 nmethod 1021 0x0000018a30d63310 code [0x0000018a30d634c0, 0x0000018a30d63608]
Event: 2.902 Thread 0x0000018a4beb47f0 1022       3       org.lwjgl.opengl.GL20::glVertexAttribPointer (12 bytes)
Event: 2.902 Thread 0x0000018a4beb47f0 nmethod 1022 0x0000018a30d63710 code [0x0000018a30d638c0, 0x0000018a30d639c8]
Event: 2.966 Thread 0x0000018a4beb1de0 1023       4       com.badlogic.gdx.utils.ObjectIntMap::locateKey (63 bytes)
Event: 2.973 Thread 0x0000018a4beb1de0 nmethod 1023 0x0000018a3813df10 code [0x0000018a3813e0a0, 0x0000018a3813e5f8]
Event: 3.116 Thread 0x0000018a4beb1de0 1024       4       com.badlogic.gdx.graphics.glutils.ShapeRenderer::check (195 bytes)
Event: 3.118 Thread 0x0000018a4beb1de0 nmethod 1024 0x0000018a3813e910 code [0x0000018a3813eaa0, 0x0000018a3813ebf8]

GC Heap History (2 events):
Event: 1.249 GC heap before
{Heap before GC invocations=0 (full 0):
 garbage-first heap   total 260096K, used 22528K [0x0000000702400000, 0x0000000800000000)
  region size 2048K, 11 young (22528K), 0 survivors (0K)
 Metaspace       used 7108K, committed 7232K, reserved 1064960K
  class space    used 418K, committed 448K, reserved 1048576K
}
Event: 1.254 GC heap after
{Heap after GC invocations=1 (full 0):
 garbage-first heap   total 260096K, used 2890K [0x0000000702400000, 0x0000000800000000)
  region size 2048K, 2 young (4096K), 2 survivors (4096K)
 Metaspace       used 7108K, committed 7232K, reserved 1064960K
  class space    used 418K, committed 448K, reserved 1048576K
}

Deoptimization events (20 events):
Event: 0.303 Thread 0x0000018a28e9e950 DEOPT PACKING pc=0x0000018a380ed540 sp=0x0000001c372fbd10
Event: 0.303 Thread 0x0000018a28e9e950 DEOPT UNPACKING pc=0x0000018a3065d72e sp=0x0000001c372fbc98 mode 2
Event: 0.322 Thread 0x0000018a28e9e950 Uncommon trap: trap_request=0xffffff45 fr.pc=0x0000018a380e74fc relative=0x000000000000005c
Event: 0.322 Thread 0x0000018a28e9e950 Uncommon trap: reason=unstable_if action=reinterpret pc=0x0000018a380e74fc method=java.lang.String.isLatin1()Z @ 10 c2
Event: 0.322 Thread 0x0000018a28e9e950 DEOPT PACKING pc=0x0000018a380e74fc sp=0x0000001c372fbd60
Event: 0.322 Thread 0x0000018a28e9e950 DEOPT UNPACKING pc=0x0000018a3065d72e sp=0x0000001c372fbcf0 mode 2
Event: 0.781 Thread 0x0000018a28e9e950 DEOPT PACKING pc=0x0000018a30bd73be sp=0x0000001c372fd5d0
Event: 0.781 Thread 0x0000018a28e9e950 DEOPT UNPACKING pc=0x0000018a3065dece sp=0x0000001c372fca48 mode 0
Event: 1.027 Thread 0x0000018a28e9e950 Uncommon trap: trap_request=0xffffff54 fr.pc=0x0000018a38115d00 relative=0x0000000000000060
Event: 1.027 Thread 0x0000018a28e9e950 Uncommon trap: reason=speculate_null_assert action=make_not_entrant pc=0x0000018a38115d00 method=sun.misc.Unsafe.putLong(Ljava/lang/Object;JJ)V @ 7 c2
Event: 1.027 Thread 0x0000018a28e9e950 DEOPT PACKING pc=0x0000018a38115d00 sp=0x0000001c372ff150
Event: 1.027 Thread 0x0000018a28e9e950 DEOPT UNPACKING pc=0x0000018a3065d72e sp=0x0000001c372ff0c8 mode 2
Event: 1.042 Thread 0x0000018a28e9e950 Uncommon trap: trap_request=0xffffff5c fr.pc=0x0000018a381162f8 relative=0x0000000000000058
Event: 1.042 Thread 0x0000018a28e9e950 Uncommon trap: reason=speculate_null_check action=make_not_entrant pc=0x0000018a381162f8 method=sun.misc.Unsafe.getLong(Ljava/lang/Object;J)J @ 5 c2
Event: 1.043 Thread 0x0000018a28e9e950 DEOPT PACKING pc=0x0000018a381162f8 sp=0x0000001c372ff2a0
Event: 1.043 Thread 0x0000018a28e9e950 DEOPT UNPACKING pc=0x0000018a3065d72e sp=0x0000001c372ff218 mode 2
Event: 1.214 Thread 0x0000018a28e9e950 Uncommon trap: trap_request=0xffffff45 fr.pc=0x0000018a38118250 relative=0x0000000000000fd0
Event: 1.214 Thread 0x0000018a28e9e950 Uncommon trap: reason=unstable_if action=reinterpret pc=0x0000018a38118250 method=java.util.HashMap.putVal(ILjava/lang/Object;Ljava/lang/Object;ZZ)Ljava/lang/Object; @ 69 c2
Event: 1.214 Thread 0x0000018a28e9e950 DEOPT PACKING pc=0x0000018a38118250 sp=0x0000001c372ff120
Event: 1.214 Thread 0x0000018a28e9e950 DEOPT UNPACKING pc=0x0000018a3065d72e sp=0x0000001c372ff0c0 mode 2

Classes unloaded (0 events):
No events

Classes redefined (0 events):
No events

Internal exceptions (19 events):
Event: 0.251 Thread 0x0000018a28e9e950 Exception <a 'java/lang/NoSuchMethodError'{0x0000000711d46358}: 'java.lang.Object java.lang.invoke.DirectMethodHandle$Holder.invokeStatic(java.lang.Object)'> (0x0000000711d46358) 
thrown [t:\workspace\open\src\hotspot\share\interpreter\linkResolver.cpp, line 790]
Event: 0.251 Thread 0x0000018a28e9e950 Exception <a 'java/lang/NoSuchMethodError'{0x0000000711d49b88}: 'java.lang.Object java.lang.invoke.DirectMethodHandle$Holder.invokeStaticInit(java.lang.Object)'> (0x0000000711d49b88) 
thrown [t:\workspace\open\src\hotspot\share\interpreter\linkResolver.cpp, line 790]
Event: 0.263 Thread 0x0000018a28e9e950 Exception <a 'java/lang/NoSuchMethodError'{0x0000000711dad8e0}: 'void java.lang.invoke.DirectMethodHandle$Holder.invokeStatic(java.lang.Object, java.lang.Object)'> (0x0000000711dad8e0) 
thrown [t:\workspace\open\src\hotspot\share\interpreter\linkResolver.cpp, line 790]
Event: 0.264 Thread 0x0000018a28e9e950 Exception <a 'java/lang/NoSuchMethodError'{0x0000000711db3248}: 'void java.lang.invoke.DirectMethodHandle$Holder.invokeSpecial(java.lang.Object, java.lang.Object, java.lang.Object)'> (0x0000000711db3248) 
thrown [t:\workspace\open\src\hotspot\share\interpreter\linkResolver.cpp, line 790]
Event: 0.267 Thread 0x0000018a28e9e950 Exception <a 'java/lang/NoSuchMethodError'{0x0000000711dc7e68}: 'java.lang.Object java.lang.invoke.DirectMethodHandle$Holder.invokeStatic(java.lang.Object, java.lang.Object, int)'> (0x0000000711dc7e68) 
thrown [t:\workspace\open\src\hotspot\share\interpreter\linkResolver.cpp, line 790]
Event: 0.269 Thread 0x0000018a28e9e950 Exception <a 'java/lang/NoSuchMethodError'{0x0000000711dd4278}: 'void java.lang.invoke.DelegatingMethodHandle$Holder.delegate(java.lang.Object, java.lang.Object, int, java.lang.Object)'> (0x0000000711dd4278) 
thrown [t:\workspace\open\src\hotspot\share\interpreter\linkResolver.cpp, line 790]
Event: 0.269 Thread 0x0000018a28e9e950 Exception <a 'java/lang/NoSuchMethodError'{0x0000000711dd85d0}: 'int java.lang.invoke.DirectMethodHandle$Holder.invokeSpecial(java.lang.Object, java.lang.Object, java.lang.Object)'> (0x0000000711dd85d0) 
thrown [t:\workspace\open\src\hotspot\share\interpreter\linkResolver.cpp, line 790]
Event: 0.303 Thread 0x0000018a28e9e950 Exception <a 'sun/nio/fs/WindowsException'{0x0000000711a84c98}> (0x0000000711a84c98) 
thrown [t:\workspace\open\src\hotspot\share\prims\jni.cpp, line 579]
Event: 0.303 Thread 0x0000018a28e9e950 Exception <a 'sun/nio/fs/WindowsException'{0x0000000711a85158}> (0x0000000711a85158) 
thrown [t:\workspace\open\src\hotspot\share\prims\jni.cpp, line 579]
Event: 0.347 Thread 0x0000018a28e9e950 Exception <a 'sun/nio/fs/WindowsException'{0x0000000711bd69d0}> (0x0000000711bd69d0) 
thrown [t:\workspace\open\src\hotspot\share\prims\jni.cpp, line 579]
Event: 0.347 Thread 0x0000018a28e9e950 Exception <a 'sun/nio/fs/WindowsException'{0x0000000711bd6cd0}> (0x0000000711bd6cd0) 
thrown [t:\workspace\open\src\hotspot\share\prims\jni.cpp, line 579]
Event: 0.370 Thread 0x0000018a28e9e950 Exception <a 'sun/nio/fs/WindowsException'{0x000000071188d928}> (0x000000071188d928) 
thrown [t:\workspace\open\src\hotspot\share\prims\jni.cpp, line 579]
Event: 0.370 Thread 0x0000018a28e9e950 Exception <a 'sun/nio/fs/WindowsException'{0x000000071188dbf8}> (0x000000071188dbf8) 
thrown [t:\workspace\open\src\hotspot\share\prims\jni.cpp, line 579]
Event: 0.425 Thread 0x0000018a28e9e950 Exception <a 'sun/nio/fs/WindowsException'{0x000000071191e370}> (0x000000071191e370) 
thrown [t:\workspace\open\src\hotspot\share\prims\jni.cpp, line 579]
Event: 0.425 Thread 0x0000018a28e9e950 Exception <a 'sun/nio/fs/WindowsException'{0x000000071191e660}> (0x000000071191e660) 
thrown [t:\workspace\open\src\hotspot\share\prims\jni.cpp, line 579]
Event: 0.778 Thread 0x0000018a28e9e950 Exception <a 'sun/nio/fs/WindowsException'{0x000000071171e298}> (0x000000071171e298) 
thrown [t:\workspace\open\src\hotspot\share\prims\jni.cpp, line 579]
Event: 0.778 Thread 0x0000018a28e9e950 Exception <a 'sun/nio/fs/WindowsException'{0x000000071171e5a8}> (0x000000071171e5a8) 
thrown [t:\workspace\open\src\hotspot\share\prims\jni.cpp, line 579]
Event: 0.782 Thread 0x0000018a28e9e950 Exception <a 'sun/nio/fs/WindowsException'{0x0000000711730cb8}> (0x0000000711730cb8) 
thrown [t:\workspace\open\src\hotspot\share\prims\jni.cpp, line 579]
Event: 0.782 Thread 0x0000018a28e9e950 Exception <a 'sun/nio/fs/WindowsException'{0x0000000711730ef8}> (0x0000000711730ef8) 
thrown [t:\workspace\open\src\hotspot\share\prims\jni.cpp, line 579]

Events (20 events):
Event: 1.046 Executing  VM operation: Cleanup
Event: 1.046 Executing  VM operation: Cleanup done
Event: 1.137 loading class java/util/NoSuchElementException
Event: 1.137 loading class java/util/NoSuchElementException done
Event: 1.175 Loaded shared library E:\TEMP\libgdxBence\a14961b7\gdx-box2d64.dll
Event: 1.179 Thread 0x0000018a540856a0 Thread exited: 0x0000018a540856a0
Event: 1.226 loading class java/io/UnsupportedEncodingException
Event: 1.226 loading class java/io/UnsupportedEncodingException done
Event: 1.229 loading class sun/net/ProgressMonitor
Event: 1.229 loading class sun/net/ProgressMonitor done
Event: 1.229 loading class sun/net/DefaultProgressMeteringPolicy
Event: 1.229 loading class sun/net/ProgressMeteringPolicy
Event: 1.229 loading class sun/net/ProgressMeteringPolicy done
Event: 1.229 loading class sun/net/DefaultProgressMeteringPolicy done
Event: 1.249 Executing  VM operation: G1CollectForAllocation
Event: 1.254 Executing  VM operation: G1CollectForAllocation done
Event: 1.296 Thread 0x0000018a4cbfd840 Thread exited: 0x0000018a4cbfd840
Event: 1.323 Thread 0x0000018a4cbfd840 Thread added: 0x0000018a4cbfd840
Event: 2.262 Executing  VM operation: Cleanup
Event: 2.262 Executing  VM operation: Cleanup done


Dynamic libraries:
0x00007ff77c4f0000 - 0x00007ff77c500000 	C:\Program Files\Java\jdk-16.0.2\bin\java.exe
0x00007fff2a510000 - 0x00007fff2a705000 	C:\WINDOWS\SYSTEM32\ntdll.dll
0x00007fff220a0000 - 0x00007fff220b6000 	C:\Program Files\AVAST Software\Avast\aswhook.dll
0x00007fff29150000 - 0x00007fff2920d000 	C:\WINDOWS\System32\KERNEL32.DLL
0x00007fff27dc0000 - 0x00007fff2808d000 	C:\WINDOWS\System32\KERNELBASE.dll
0x00007fff28090000 - 0x00007fff28190000 	C:\WINDOWS\System32\ucrtbase.dll
0x00007fff21bd0000 - 0x00007fff21be8000 	C:\Program Files\Java\jdk-16.0.2\bin\jli.dll
0x00007fff20b10000 - 0x00007fff20b29000 	C:\Program Files\Java\jdk-16.0.2\bin\VCRUNTIME140.dll
0x00007fff29000000 - 0x00007fff290ae000 	C:\WINDOWS\System32\ADVAPI32.dll
0x00007fff28d00000 - 0x00007fff28d9e000 	C:\WINDOWS\System32\msvcrt.dll
0x00007fff290b0000 - 0x00007fff2914c000 	C:\WINDOWS\System32\sechost.dll
0x00007fff28690000 - 0x00007fff287b5000 	C:\WINDOWS\System32\RPCRT4.dll
0x00007fff28810000 - 0x00007fff289b0000 	C:\WINDOWS\System32\USER32.dll
0x00007fff085c0000 - 0x00007fff0885a000 	C:\WINDOWS\WinSxS\amd64_microsoft.windows.common-controls_6595b64144ccf1df_6.0.19041.1110_none_60b5254171f9507e\COMCTL32.dll
0x00007fff281e0000 - 0x00007fff28202000 	C:\WINDOWS\System32\win32u.dll
0x00007fff287d0000 - 0x00007fff287fa000 	C:\WINDOWS\System32\GDI32.dll
0x00007fff282f0000 - 0x00007fff283fb000 	C:\WINDOWS\System32\gdi32full.dll
0x00007fff27d20000 - 0x00007fff27dbd000 	C:\WINDOWS\System32\msvcp_win.dll
0x00007fff20370000 - 0x00007fff2037a000 	C:\WINDOWS\SYSTEM32\VERSION.dll
0x00007fff2a370000 - 0x00007fff2a3a0000 	C:\WINDOWS\System32\IMM32.DLL
0x00007fff22110000 - 0x00007fff2211c000 	C:\Program Files\Java\jdk-16.0.2\bin\vcruntime140_1.dll
0x00007fff0c2b0000 - 0x00007fff0c341000 	C:\Program Files\Java\jdk-16.0.2\bin\msvcp140.dll
0x00007ffeca300000 - 0x00007ffecaeab000 	C:\Program Files\Java\jdk-16.0.2\bin\server\jvm.dll
0x00007fff28800000 - 0x00007fff28808000 	C:\WINDOWS\System32\PSAPI.DLL
0x00007fff11c40000 - 0x00007fff11c49000 	C:\WINDOWS\SYSTEM32\WSOCK32.dll
0x00007fff11d60000 - 0x00007fff11d87000 	C:\WINDOWS\SYSTEM32\WINMM.dll
0x00007fff28b80000 - 0x00007fff28beb000 	C:\WINDOWS\System32\WS2_32.dll
0x00007fff26500000 - 0x00007fff26512000 	C:\WINDOWS\SYSTEM32\kernel.appcore.dll
0x00007fff21b40000 - 0x00007fff21b4a000 	C:\Program Files\Java\jdk-16.0.2\bin\jimage.dll
0x00007fff261e0000 - 0x00007fff263c4000 	C:\WINDOWS\SYSTEM32\DBGHELP.DLL
0x00007fff1fc70000 - 0x00007fff1fc9c000 	C:\WINDOWS\SYSTEM32\dbgcore.DLL
0x00007fff27c90000 - 0x00007fff27d12000 	C:\WINDOWS\System32\bcryptPrimitives.dll
0x00007fff19c20000 - 0x00007fff19c45000 	C:\Program Files\Java\jdk-16.0.2\bin\java.dll
0x00007fff29710000 - 0x00007fff29e54000 	C:\WINDOWS\System32\SHELL32.dll
0x00007fff25970000 - 0x00007fff26104000 	C:\WINDOWS\SYSTEM32\windows.storage.dll
0x00007fff29e60000 - 0x00007fff2a1b4000 	C:\WINDOWS\System32\combase.dll
0x00007fff27680000 - 0x00007fff276ac000 	C:\WINDOWS\SYSTEM32\Wldp.dll
0x00007fff28ad0000 - 0x00007fff28b7d000 	C:\WINDOWS\System32\SHCORE.dll
0x00007fff28560000 - 0x00007fff285b5000 	C:\WINDOWS\System32\shlwapi.dll
0x00007fff27b60000 - 0x00007fff27b7f000 	C:\WINDOWS\SYSTEM32\profapi.dll
0x00007fff13370000 - 0x00007fff13389000 	C:\Program Files\Java\jdk-16.0.2\bin\net.dll
0x00007fff1f1d0000 - 0x00007fff1f2da000 	C:\WINDOWS\SYSTEM32\WINHTTP.dll
0x00007fff273e0000 - 0x00007fff2744a000 	C:\WINDOWS\system32\mswsock.dll
0x00007fff12d10000 - 0x00007fff12d23000 	C:\Program Files\Java\jdk-16.0.2\bin\nio.dll
0x00007fff12930000 - 0x00007fff12948000 	C:\Program Files\Java\jdk-16.0.2\bin\zip.dll
0x000000006e700000 - 0x000000006e72a000 	E:\TEMP\libgdxBence\e1cd32f8\gdx64.dll
0x00007fff0bc90000 - 0x00007fff0bcf4000 	E:\TEMP\lwjglBence\3.2.3-build-13\lwjgl.dll
0x00007ffee0640000 - 0x00007ffee0893000 	E:\TEMP\lwjglBence\3.2.3-build-13\jemalloc.dll
0x00007ffefda40000 - 0x00007ffefdaa2000 	E:\TEMP\lwjglBence\3.2.3-build-13\glfw.dll
0x00007fff25120000 - 0x00007fff251be000 	C:\WINDOWS\system32\uxtheme.dll
0x00007fff129c0000 - 0x00007fff12a05000 	C:\WINDOWS\SYSTEM32\dinput8.dll
0x00007ffef2b60000 - 0x00007ffef2b71000 	C:\WINDOWS\SYSTEM32\xinput1_4.dll
0x00007fff28190000 - 0x00007fff281de000 	C:\WINDOWS\System32\cfgmgr32.dll
0x00007fff279d0000 - 0x00007fff279fc000 	C:\WINDOWS\SYSTEM32\DEVOBJ.dll
0x00007fff25310000 - 0x00007fff2533f000 	C:\WINDOWS\SYSTEM32\dwmapi.dll
0x00007fff1a260000 - 0x00007fff1a3b2000 	C:\WINDOWS\SYSTEM32\inputhost.dll
0x00007fff285c0000 - 0x00007fff2868d000 	C:\WINDOWS\System32\OLEAUT32.dll
0x00007fff24d20000 - 0x00007fff24e12000 	C:\WINDOWS\SYSTEM32\CoreMessaging.dll
0x00007fff242e0000 - 0x00007fff24434000 	C:\WINDOWS\SYSTEM32\wintypes.dll
0x00007fff257e0000 - 0x00007fff258d6000 	C:\WINDOWS\SYSTEM32\PROPSYS.dll
0x00007fff249b0000 - 0x00007fff24d0e000 	C:\WINDOWS\SYSTEM32\CoreUIComponents.dll
0x00007fff26aa0000 - 0x00007fff26ad3000 	C:\WINDOWS\SYSTEM32\ntmarta.dll
0x00007fff289b0000 - 0x00007fff28ac5000 	C:\WINDOWS\System32\MSCTF.dll
0x00007fff26110000 - 0x00007fff2611d000 	C:\WINDOWS\SYSTEM32\HID.DLL
0x00007fff29210000 - 0x00007fff29681000 	C:\WINDOWS\System32\SETUPAPI.DLL
0x00007fff28210000 - 0x00007fff28237000 	C:\WINDOWS\System32\bcrypt.dll
0x00007fff27c20000 - 0x00007fff27c88000 	C:\WINDOWS\System32\WINTRUST.dll
0x00007fff28400000 - 0x00007fff28556000 	C:\WINDOWS\System32\CRYPT32.dll
0x00007fff27810000 - 0x00007fff27822000 	C:\WINDOWS\SYSTEM32\MSASN1.dll
0x00007ffefd930000 - 0x00007ffefda3b000 	E:\TEMP\lwjglBence\3.2.3-build-13\OpenAL.dll
0x00007fff2a3a0000 - 0x00007fff2a4ca000 	C:\WINDOWS\System32\ole32.dll
0x00007fff28ee0000 - 0x00007fff28f89000 	C:\WINDOWS\System32\clbcatq.dll
0x00007fff20ee0000 - 0x00007fff20f65000 	C:\WINDOWS\System32\MMDevApi.dll
0x00007fff21260000 - 0x00007fff213e2000 	C:\WINDOWS\SYSTEM32\AUDIOSES.DLL
0x00007fff27190000 - 0x00007fff271db000 	C:\WINDOWS\SYSTEM32\powrprof.dll
0x00007fff27060000 - 0x00007fff27072000 	C:\WINDOWS\SYSTEM32\UMPDC.dll
0x00007fff25210000 - 0x00007fff25224000 	C:\WINDOWS\SYSTEM32\resourcepolicyclient.dll
0x00007ffef8500000 - 0x00007ffef8626000 	C:\WINDOWS\SYSTEM32\opengl32.dll
0x00007fff1a780000 - 0x00007fff1a7ac000 	C:\WINDOWS\SYSTEM32\GLU32.dll
0x00007fff204e0000 - 0x00007fff205d7000 	C:\Windows\System32\AppXDeploymentClient.dll
0x00007ffec9460000 - 0x00007ffeca2f7000 	C:\WINDOWS\System32\DriverStore\FileRepository\igdlh64.inf_amd64_28d80681d3523b1c\ig9icd64.dll
0x00007fff26520000 - 0x00007fff26613000 	C:\WINDOWS\system32\dxgi.dll
0x00007fff17c00000 - 0x00007fff17c3b000 	C:\WINDOWS\SYSTEM32\dxcore.dll
0x00007ffee3690000 - 0x00007ffee3773000 	C:\WINDOWS\System32\DriverStore\FileRepository\igdlh64.inf_amd64_28d80681d3523b1c\igdgmm64.dll
0x00007fff13d50000 - 0x00007fff15cb9000 	C:\WINDOWS\System32\DriverStore\FileRepository\igdlh64.inf_amd64_28d80681d3523b1c\igc64.dll
0x00007ffefc190000 - 0x00007ffefc1e9000 	E:\TEMP\lwjglBence\3.2.3-build-13\lwjgl_opengl.dll
0x00007fff1a470000 - 0x00007fff1a569000 	C:\WINDOWS\SYSTEM32\textinputframework.dll
0x0000000066b00000 - 0x0000000066b5b000 	E:\TEMP\libgdxBence\a14961b7\gdx-box2d64.dll

dbghelp: loaded successfully - version: 4.0.5 - missing functions: none
symbol engine: initialized successfully - sym options: 0x614 - pdb path: .;C:\Program Files\Java\jdk-16.0.2\bin;C:\WINDOWS\SYSTEM32;C:\Program Files\AVAST Software\Avast;C:\WINDOWS\WinSxS\amd64_microsoft.windows.common-controls_6595b64144ccf1df_6.0.19041.1110_none_60b5254171f9507e;C:\Program Files\Java\jdk-16.0.2\bin\server;E:\TEMP\libgdxBence\e1cd32f8;E:\TEMP\lwjglBence\3.2.3-build-13;C:\WINDOWS\System32\DriverStore\FileRepository\igdlh64.inf_amd64_28d80681d3523b1c;E:\TEMP\libgdxBence\a14961b7

VM Arguments:
jvm_args: -Dfile.encoding=windows-1250 -Duser.country=HU -Duser.language=hu -Duser.variant 
java_command: com.mygdx.mabg.DesktopLauncher
java_class_path (initial): C:\jbox2Dthings\MyAngryBirdsGame\desktop\build\classes\java\main;C:\jbox2Dthings\MyAngryBirdsGame\desktop\build\resources\main;C:\Users\Bence\.gradle\caches\modules-2\files-2.1\com.badlogicgames.gdx\gdx-backend-lwjgl3\1.10.0\600c7d5b2c977daa82c4abad147087b31e0ada87\gdx-backend-lwjgl3-1.10.0.jar;C:\Users\Bence\.gradle\caches\modules-2\files-2.1\com.badlogicgames.gdx\gdx-platform\1.10.0\9a8fa793d2fd6d360afc6c9e4c1f5583da263b88\gdx-platform-1.10.0-natives-desktop.jar;C:\Users\Bence\.gradle\caches\modules-2\files-2.1\com.badlogicgames.gdx\gdx-freetype-platform\1.10.0\6e5d28752759e69384f12e4569d2c884ff71352f\gdx-freetype-platform-1.10.0-natives-desktop.jar;C:\Users\Bence\.gradle\caches\modules-2\files-2.1\com.badlogicgames.gdx-controllers\gdx-controllers-desktop\2.2.1\cb3430c32468a090eca54d494d16bb3764ceff9b\gdx-controllers-desktop-2.2.1.jar;C:\Users\Bence\.gradle\caches\modules-2\files-2.1\com.badlogicgames.gdx\gdx-box2d-platform\1.10.0\588c4191c5a64ed39365e71484aa37d81c38eb5e\gdx-box2d-platform-1.10.0-natives-desktop.jar;C:\Users\Bence\.gradle\caches\modules-2\files-2.1\com.badlogicgames.gdx\gdx-bullet-platform\1.10.0\ce92e8dfc762523d769cbc50853163c03bf98cf1\gdx-bullet-platform-1.10.0-natives-desktop.jar;C:\jbox2Dthings\MyAngryBirdsGame\core\build\libs\core-1.0.jar;C:\Users\Bence\.gradle\caches\modules-2\files-2.1\com.badlogicgames.gdx-controllers\gdx-controllers-core\2.2.1\8aca0dc002a8daf6a6d28f49c44e25189dd93fd7\gdx-controllers-core-2.2.1.jar;C:\Users\Bence\.gradle\caches\modules-2\files-2.1\com.badlogicgames.ashley\ashley\1.7.4\21a3a8932919099c4e5006a7d8378dcbe76ef8a5\ashley-1.7.4.jar;C:\Users\Bence\.gradle\caches\modules-2\files-2.1\com.badlogicgames.gdx\gdx-freetype\1.10.0\de1d0d5c1e92e8d91364256fd6b7bb279d3e9859\gdx-freetype-1.10.0.jar;C:\Users\Bence\.gradle\caches\modules-2\files-2.1\com.badlogicgames.gdx\gdx-ai\1.8.2\ab75d2ce80ab1b1ce6828a15dc0f417abac4c674\gdx-ai-1.8.2.jar;C:\Users\Bence\.gradle\caches\modules-2\files-2.1\com.badlo
Launcher Type: SUN_STANDARD

[Global flags]
     intx CICompilerCount                          = 4                                         {product} {ergonomic}
     uint ConcGCThreads                            = 3                                         {product} {ergonomic}
     uint G1ConcRefinementThreads                  = 10                                        {product} {ergonomic}
   size_t G1HeapRegionSize                         = 2097152                                   {product} {ergonomic}
    uintx GCDrainStackTargetSize                   = 64                                        {product} {ergonomic}
   size_t InitialHeapSize                          = 266338304                                 {product} {ergonomic}
   size_t MarkStackSize                            = 4194304                                   {product} {ergonomic}
   size_t MaxHeapSize                              = 4257218560                                {product} {ergonomic}
   size_t MaxNewSize                               = 2554331136                                {product} {ergonomic}
   size_t MinHeapDeltaBytes                        = 2097152                                   {product} {ergonomic}
   size_t MinHeapSize                              = 8388608                                   {product} {ergonomic}
    uintx NonNMethodCodeHeapSize                   = 5839372                                {pd product} {ergonomic}
    uintx NonProfiledCodeHeapSize                  = 122909434                              {pd product} {ergonomic}
    uintx ProfiledCodeHeapSize                     = 122909434                              {pd product} {ergonomic}
    uintx ReservedCodeCacheSize                    = 251658240                              {pd product} {ergonomic}
     bool SegmentedCodeCache                       = true                                      {product} {ergonomic}
   size_t SoftMaxHeapSize                          = 4257218560                             {manageable} {ergonomic}
     bool UseCompressedClassPointers               = true                           {product lp64_product} {ergonomic}
     bool UseCompressedOops                        = true                           {product lp64_product} {ergonomic}
     bool UseG1GC                                  = true                                      {product} {ergonomic}
     bool UseLargePagesIndividualAllocation        = false                                  {pd product} {ergonomic}

Logging:
Log output configuration:
 #0: stdout all=warning uptime,level,tags
 #1: stderr all=off uptime,level,tags

Environment Variables:
JAVA_HOME=C:\Program Files\Java\jdk-16.0.2
PATH=C:\Program Files\Common Files\Oracle\Java\javapath;C:\Program Files (x86)\Common Files\Oracle\Java\javapath;C:\Program Files (x86)\Intel\Intel(R) Management Engine Components\iCLS\;C:\Program Files\Intel\Intel(R) Management Engine Components\iCLS\;C:\Windows\system32;C:\Windows;C:\Windows\System32\Wbem;C:\Windows\System32\WindowsPowerShell\v1.0\;C:\Program Files (x86)\NVIDIA Corporation\PhysX\Common;C:\Program Files (x86)\Intel\Intel(R) Management Engine Components\DAL;C:\Program Files\Intel\Intel(R) Management Engine Components\DAL;C:\Program Files (x86)\Intel\Intel(R) Management Engine Components\IPT;C:\Program Files\Intel\Intel(R) Management Engine Components\IPT;C:\Program Files\Intel\WiFi\bin\;C:\Program Files\Common Files\Intel\WirelessCommon\;C:\WINDOWS\system32;C:\WINDOWS;C:\WINDOWS\System32\Wbem;C:\WINDOWS\System32\WindowsPowerShell\v1.0\;C:\WINDOWS\System32\OpenSSH\;E:\putty\;C:\Program Files\NVIDIA Corporation\NVIDIA NvDLISR;C:\WINDOWS\system32;C:\WINDOWS;C:\WINDOWS\System32\Wbem;C:\WINDOWS\System32\WindowsPowerShell\v1.0\;C:\WINDOWS\System32\OpenSSH\;C:\Program Files\dotnet\;C:\Program Files\Java\jdk-16.0.2;C:\Program Files\Java\jre1.8.0_301;C:\Program Files\Git\cmd;C:\Program Files\nodejs\;C:\Users\Bence\AppData\Local\Microsoft\WindowsApps;C:\Program Files\Intel\WiFi\bin\;C:\Program Files\Common Files\Intel\WirelessCommon\;E:\Users\Bence\code_blocks\bin;E:\Unity game engine\Microsoft VS Code\bin;C:\Users\Bence\AppData\Local\GitHubDesktop\bin;"C:\Program Files\Java\apache-maven-3.8.2\bin;M2_HOME\bin";C:\Users\Bence\AppData\Roaming\npm
USERNAME=Bence
OS=Windows_NT
PROCESSOR_IDENTIFIER=Intel64 Family 6 Model 158 Stepping 10, GenuineIntel



---------------  S Y S T E M  ---------------

OS:
 Windows 10 , 64 bit Build 19041 (10.0.19041.1706)
OS uptime: 4 days 13:12 hours

CPU: total 12 (initial active 12) (6 cores per cpu, 2 threads per core) family 6 model 158 stepping 10 microcode 0xd2, cx8, cmov, fxsr, ht, mmx, 3dnowpref, sse, sse2, sse3, ssse3, sse4.1, sse4.2, popcnt, lzcnt, tsc, tscinvbit, avx, avx2, aes, erms, clmul, bmi1, bmi2, adx, fma, vzeroupper, clflush, clflushopt

Memory: 4k page, system-wide physical 16235M (6809M free)
TotalPageFile size 34667M (AvailPageFile size 13352M)
current process WorkingSet (physical memory assigned to process): 151M, peak: 151M
current process commit charge ("private bytes"): 419M, peak: 419M

vm_info: Java HotSpot(TM) 64-Bit Server VM (16.0.2+7-67) for windows-amd64 JRE (16.0.2+7-67), built on Jun  8 2021 23:24:19 by "mach5one" with MS VC++ 16.7 (VS2019)

END.
